Using pre-set license
Built from '2020.3/staging' branch; Version is '2020.3.0f1 (c7b5465681fb) revision 13088070'; Using compiler version '192528614'; Build Type 'Release'
OS: 'Windows 10 Education; OS build 19042.1466; Version 2009; 64bit' Language: 'en' Physical Memory: 32489 MB
BatchMode: 1, IsHumanControllingUs: 0, StartBugReporterOnCrash: 0, Is64bit: 1, IsPro: 0

 COMMAND LINE ARGUMENTS:
C:\Program Files\Unity\Editor\Unity.exe
-adb2
-batchMode
-noUpm
-name
AssetImportWorker0
-projectPath
C:/Users/a20hanpa/project/DatingSim/git-sprojectproject
-logFile
Logs/AssetImportWorker0.log
-srvPort
58277
Successfully changed project path to: C:/Users/a20hanpa/project/DatingSim/git-sprojectproject
C:/Users/a20hanpa/project/DatingSim/git-sprojectproject
Using Asset Import Pipeline V2.
Refreshing native plugins compatible for Editor in 43.77 ms, found 3 plugins.
Preloading 0 native plugins for Editor in 0.00 ms.
Initialize engine version: 2020.3.0f1 (c7b5465681fb)
[Subsystems] Discovering subsystems at path C:/Program Files/Unity/Editor/Data/Resources/UnitySubsystems
[Subsystems] Discovering subsystems at path C:/Users/a20hanpa/project/DatingSim/git-sprojectproject/Assets
GfxDevice: creating device client; threaded=0
Direct3D:
    Version:  Direct3D 11.0 [level 11.1]
    Renderer: NVIDIA GeForce RTX 3070 (ID=0x2484)
    Vendor:   
    VRAM:     8043 MB
    Driver:   30.0.14.7168
Initialize mono
Mono path[0] = 'C:/Program Files/Unity/Editor/Data/Managed'
Mono path[1] = 'C:/Program Files/Unity/Editor/Data/MonoBleedingEdge/lib/mono/unityjit'
Mono config path = 'C:/Program Files/Unity/Editor/Data/MonoBleedingEdge/etc'
Using monoOptions --debugger-agent=transport=dt_socket,embedding=1,server=y,suspend=n,address=127.0.0.1:56100
Begin MonoManager ReloadAssembly
Registering precompiled unity dll's ...
Register platform support module: C:/Program Files/Unity/Editor/Data/PlaybackEngines/WebGLSupport/UnityEditor.WebGL.Extensions.dll
Register platform support module: C:/Program Files/Unity/Editor/Data/PlaybackEngines/WindowsStandaloneSupport/UnityEditor.WindowsStandalone.Extensions.dll
Registered in 0.001397 seconds.
Native extension for WindowsStandalone target not found
Native extension for WebGL target not found
Refreshing native plugins compatible for Editor in 33.78 ms, found 3 plugins.
Preloading 0 native plugins for Editor in 0.00 ms.
Invoked RoslynAnalysisRunner static constructor.
RoslynAnalysisRunner will not be running.
RoslynAnalysisRunner has terminated.
Mono: successfully reloaded assembly
- Completed reload, in  2.422 seconds
Platform modules already initialized, skipping
Registering precompiled user dll's ...
Registered in 0.002452 seconds.
Begin MonoManager ReloadAssembly
Native extension for WindowsStandalone target not found
Native extension for WebGL target not found
Refreshing native plugins compatible for Editor in 34.43 ms, found 3 plugins.
Preloading 0 native plugins for Editor in 0.00 ms.
Invoked RoslynAnalysisRunner static constructor.
RoslynAnalysisRunner will not be running.
RoslynAnalysisRunner has terminated.
Mono: successfully reloaded assembly
- Completed reload, in  0.618 seconds
Platform modules already initialized, skipping
========================================================================
Worker process is ready to serve import requests
Launched and connected shader compiler UnityShaderCompiler.exe after 0.03 seconds
Refreshing native plugins compatible for Editor in 0.69 ms, found 3 plugins.
Preloading 0 native plugins for Editor in 0.00 ms.
Unloading 2701 Unused Serialized files (Serialized files now loaded: 0)
System memory in use before: 111.6 MB.
System memory in use after: 111.7 MB.

Unloading 79 unused Assets to reduce memory usage. Loaded Objects now: 3088.
Total: 2.163600 ms (FindLiveObjects: 0.380100 ms CreateObjectMapping: 0.157200 ms MarkObjects: 1.490200 ms  DeleteObjects: 0.135100 ms)

========================================================================
Received Import Request.
  path: Assets/hannes/Scenes/Prot-Remake.unity
  artifactKey: Guid(cff47e0d654d90248bd3e75ebb923b29) Importer(815301076,1909f56bfc062723c751e8b465ee728b)
Start importing Assets/hannes/Scenes/Prot-Remake.unity using Guid(cff47e0d654d90248bd3e75ebb923b29) Importer(815301076,1909f56bfc062723c751e8b465ee728b)  -> (artifact id: '26be85b23607cc9974af4851bd7b13ab') in 0.009854 seconds
  Import took 0.012739 seconds .

========================================================================
Received Import Request.
  Time since last request: 0.000351 seconds.
  path: Assets/hannes/Scenes
  artifactKey: Guid(f2f22c7b34e9df64c9d973646349ea07) Importer(815301076,1909f56bfc062723c751e8b465ee728b)
Start importing Assets/hannes/Scenes using Guid(f2f22c7b34e9df64c9d973646349ea07) Importer(815301076,1909f56bfc062723c751e8b465ee728b)  -> (artifact id: '49dfc531bcb89c73309fca96c63a5abb') in 0.001493 seconds
  Import took 0.003936 seconds .

